  Camera.cpp
  Entity.cpp
  FirstPersonDebug.cpp
  main.cpp
d:\profiles\scb8528\documents\igm ggp\new examples\graphics\pbr spheres\openglpbrspheres\main.cpp(202): warning C4244: 'initializing': conversion from 'double' to 'float', possible loss of data
d:\profiles\scb8528\documents\igm ggp\new examples\graphics\pbr spheres\openglpbrspheres\main.cpp(247): warning C4018: '<': signed/unsigned mismatch
  Material.cpp
d:\profiles\scb8528\documents\igm ggp\new examples\graphics\pbr spheres\openglpbrspheres\material.cpp(40): warning C4018: '<': signed/unsigned mismatch
d:\profiles\scb8528\documents\igm ggp\new examples\graphics\pbr spheres\openglpbrspheres\material.cpp(64): warning C4018: '<': signed/unsigned mismatch
d:\profiles\scb8528\documents\igm ggp\new examples\graphics\pbr spheres\openglpbrspheres\material.cpp(96): warning C4018: '<': signed/unsigned mismatch
d:\profiles\scb8528\documents\igm ggp\new examples\graphics\pbr spheres\openglpbrspheres\material.cpp(117): warning C4018: '<': signed/unsigned mismatch
d:\profiles\scb8528\documents\igm ggp\new examples\graphics\pbr spheres\openglpbrspheres\material.cpp(132): warning C4018: '<': signed/unsigned mismatch
d:\profiles\scb8528\documents\igm ggp\new examples\graphics\pbr spheres\openglpbrspheres\material.cpp(141): warning C4018: '<': signed/unsigned mismatch
  Mesh.cpp
d:\profiles\scb8528\documents\igm ggp\new examples\graphics\pbr spheres\openglpbrspheres\mesh.cpp(172): warning C4018: '<': signed/unsigned mismatch
  Model.cpp
  Shader.cpp
  ShaderProgram.cpp
  Texture.cpp
  Transform.cpp
  Generating Code...
LINK : warning LNK4098: defaultlib 'LIBCMT' conflicts with use of other libs; use /NODEFAULTLIB:library
LINK : warning LNK4098: defaultlib 'MSVCRT' conflicts with use of other libs; use /NODEFAULTLIB:library
Material.obj : warning LNK4049: locally defined symbol ___glewActiveTexture imported
Material.obj : warning LNK4049: locally defined symbol ___glewGetUniformLocation imported
Material.obj : warning LNK4049: locally defined symbol ___glewUniform1i imported
Material.obj : warning LNK4049: locally defined symbol ___glewUniformMatrix4fv imported
Mesh.obj : warning LNK4049: locally defined symbol ___glewBindBuffer imported
Mesh.obj : warning LNK4049: locally defined symbol ___glewBufferData imported
Mesh.obj : warning LNK4049: locally defined symbol ___glewDeleteBuffers imported
Mesh.obj : warning LNK4049: locally defined symbol ___glewGenBuffers imported
Mesh.obj : warning LNK4049: locally defined symbol ___glewDisableVertexAttribArray imported
Mesh.obj : warning LNK4049: locally defined symbol ___glewEnableVertexAttribArray imported
Mesh.obj : warning LNK4049: locally defined symbol ___glewVertexAttribPointer imported
Shader.obj : warning LNK4049: locally defined symbol ___glewCompileShader imported
Shader.obj : warning LNK4049: locally defined symbol ___glewCreateShader imported
Shader.obj : warning LNK4049: locally defined symbol ___glewDeleteShader imported
Shader.obj : warning LNK4049: locally defined symbol ___glewGetShaderInfoLog imported
Shader.obj : warning LNK4049: locally defined symbol ___glewGetShaderiv imported
Shader.obj : warning LNK4049: locally defined symbol ___glewShaderSource imported
ShaderProgram.obj : warning LNK4049: locally defined symbol ___glewAttachShader imported
ShaderProgram.obj : warning LNK4049: locally defined symbol ___glewCreateProgram imported
ShaderProgram.obj : warning LNK4049: locally defined symbol ___glewDeleteProgram imported
ShaderProgram.obj : warning LNK4049: locally defined symbol ___glewLinkProgram imported
ShaderProgram.obj : warning LNK4049: locally defined symbol ___glewUseProgram imported
Texture.obj : warning LNK4049: locally defined symbol ___glewGenerateMipmap imported
Texture.obj : warning LNK4049: locally defined symbol ___glewBindSampler imported
Texture.obj : warning LNK4049: locally defined symbol ___glewGenSamplers imported
Texture.obj : warning LNK4049: locally defined symbol ___glewSamplerParameterf imported
Texture.obj : warning LNK4049: locally defined symbol ___glewSamplerParameteri imported
glew32s.lib(glew.obj) : warning LNK4099: PDB 'vc120.pdb' was not found with 'glew32s.lib(glew.obj)' or at 'D:\Profiles\scb8528\Documents\IGM GGP\New Examples\Graphics\PBR spheres\OpenGLPBRSpheres\Debug\vc120.pdb'; linking object as if no debug info
  OpenGLPBRSpheres.vcxproj -> D:\Profiles\scb8528\Documents\IGM GGP\New Examples\Graphics\PBR spheres\OpenGLPBRSpheres\Debug\OpenGLPBRSpheres.exe
